2025-12-11 03:29:48 INFO [app] ==================================================
2025-12-11 03:29:48 INFO [app] SecureApp startup
2025-12-11 03:29:48 INFO [app] Environment: development
2025-12-11 03:29:48 INFO [app] Debug mode: True
2025-12-11 03:29:48 INFO [app] ==================================================
2025-12-11 03:29:50 INFO [app] ==================================================
2025-12-11 03:29:50 INFO [app] SecureApp startup
2025-12-11 03:29:50 INFO [app] Environment: development
2025-12-11 03:29:50 INFO [app] Debug mode: True
2025-12-11 03:29:50 INFO [app] ==================================================
2025-12-11 03:53:42 INFO [app] ==================================================
2025-12-11 03:53:42 INFO [app] SecureApp startup
2025-12-11 03:53:42 INFO [app] Environment: development
2025-12-11 03:53:42 INFO [app] Debug mode: True
2025-12-11 03:53:42 INFO [app] ==================================================
2025-12-11 03:53:44 INFO [app] ==================================================
2025-12-11 03:53:44 INFO [app] SecureApp startup
2025-12-11 03:53:44 INFO [app] Environment: development
2025-12-11 03:53:44 INFO [app] Debug mode: True
2025-12-11 03:53:44 INFO [app] ==================================================
2025-12-11 03:57:58 INFO [app] New user registered: username=tester@email.com, role=moderator, IP=127.0.0.1
2025-12-11 03:58:21 INFO [app] Login successful: user=tester@email.com, role=moderator, IP=127.0.0.1
2025-12-11 03:58:36 INFO [app] Logout: user=tester@email.com, IP=127.0.0.1
2025-12-11 03:58:59 INFO [app] ==================================================
2025-12-11 03:58:59 INFO [app] SecureApp startup
2025-12-11 03:58:59 INFO [app] Environment: development
2025-12-11 03:58:59 INFO [app] Debug mode: True
2025-12-11 03:58:59 INFO [app] ==================================================
2025-12-11 03:59:00 INFO [app] ==================================================
2025-12-11 03:59:00 INFO [app] SecureApp startup
2025-12-11 03:59:00 INFO [app] Environment: development
2025-12-11 03:59:00 INFO [app] Debug mode: True
2025-12-11 03:59:00 INFO [app] ==================================================
2025-12-11 04:11:07 INFO [app] New user registered: username=tester@email.com, role=user, IP=127.0.0.1
2025-12-11 04:11:21 INFO [app] Login successful: user=tester@email.com, role=user, IP=127.0.0.1
2025-12-11 04:48:16 INFO [app] ==================================================
2025-12-11 04:48:16 INFO [app] SecureApp startup
2025-12-11 04:48:16 INFO [app] Environment: development
2025-12-11 04:48:16 INFO [app] Debug mode: True
2025-12-11 04:48:16 INFO [app] ==================================================
2025-12-11 04:48:18 INFO [app] ==================================================
2025-12-11 04:48:18 INFO [app] SecureApp startup
2025-12-11 04:48:18 INFO [app] Environment: development
2025-12-11 04:48:18 INFO [app] Debug mode: True
2025-12-11 04:48:18 INFO [app] ==================================================
2025-12-11 04:49:15 INFO [app] New user registered: username=tester@email.com, role=user, IP=127.0.0.1
2025-12-11 05:17:44 INFO [app] ==================================================
2025-12-11 05:17:44 INFO [app] SecureApp startup
2025-12-11 05:17:44 INFO [app] Environment: development
2025-12-11 05:17:44 INFO [app] Debug mode: True
2025-12-11 05:17:44 INFO [app] ==================================================
2025-12-11 05:17:46 INFO [app] ==================================================
2025-12-11 05:17:46 INFO [app] SecureApp startup
2025-12-11 05:17:46 INFO [app] Environment: development
2025-12-11 05:17:46 INFO [app] Debug mode: True
2025-12-11 05:17:46 INFO [app] ==================================================
2025-12-11 05:18:28 INFO [app] New user registered: username=tester@email.com, role=user, IP=127.0.0.1
2025-12-11 05:21:09 WARNING [app] Admin access DENIED: user=tester@email.com, role=user, endpoint=/admin-panel, IP=127.0.0.1
2025-12-11 05:21:09 WARNING [app] 403 Forbidden: 403 Forbidden: You don't have the permission to access the requested resource. It is either read-protected or not readable by the server.
